Running: F:\Xilink\14.7\ISE_DS\ISE\bin\nt64\unwrapped\fuse.exe -intstyle ise -incremental -lib unisims_ver -lib unimacro_ver -lib xilinxcorelib_ver -o F:/Lessons/Term 3/LC/Lab/4/session4/tb_paritiy3_isim_beh.exe -prj F:/Lessons/Term 3/LC/Lab/4/session4/tb_paritiy3_beh.prj work.tb_paritiy3 work.glbl 
ISim P.20131013 (signature 0x7708f090)
Number of CPUs detected in this system: 4
Turning on mult-threading, number of parallel sub-compilation jobs: 8 
Determining compilation order of HDL files
Analyzing Verilog file "F:/Lessons/Term 3/LC/Lab/4/session4/paritiy3_gen_sop.v" into library work
Analyzing Verilog file "F:/Lessons/Term 3/LC/Lab/4/session4/paritiy3_gen.v" into library work
Analyzing Verilog file "F:/Lessons/Term 3/LC/Lab/4/session4/tb_paritiy3_gen.v" into library work
Analyzing Verilog file "F:/Xilink/14.7/ISE_DS/ISE//verilog/src/glbl.v" into library work
Starting static elaboration
Completed static elaboration
Compiling module paritiy3_gen
Compiling module paritiy3_gen_sop
Compiling module tb_paritiy3
Compiling module glbl
Time Resolution for simulation is 1ps.
Waiting for 1 sub-compilation(s) to finish...
Compiled 4 Verilog Units
Built simulation executable F:/Lessons/Term 3/LC/Lab/4/session4/tb_paritiy3_isim_beh.exe
Fuse Memory Usage: 28344 KB
Fuse CPU Usage: 484 ms
